<?xml version="1.0" encoding="UTF-8"?>
<testng-results ignored="0" total="12" passed="12" failed="0" skipped="0">
  <reporter-output>
  </reporter-output>
  <suite started-at="2023-01-17T10:40:36 IST" name="Suite" finished-at="2023-01-17T10:40:36 IST" duration-ms="107">
    <groups>
    </groups>
    <test started-at="2023-01-17T10:40:36 IST" name="Test" finished-at="2023-01-17T10:40:36 IST" duration-ms="107">
      <class name="package2.First">
        <test-method signature="f1()[pri:0, instance:package2.First@14dd9eb7, instance params:[]]" started-at="2023-01-17T10:40:36 IST" name="f1" finished-at="2023-01-17T10:40:36 IST" duration-ms="14" status="PASS">
          <reporter-output>
          </reporter-output>
        </test-method> <!-- f1 -->
        <test-method signature="f1()[pri:0, instance:package2.First@42e99e4a, instance params:[]]" started-at="2023-01-17T10:40:36 IST" name="f1" finished-at="2023-01-17T10:40:36 IST" duration-ms="1" status="PASS">
          <reporter-output>
          </reporter-output>
        </test-method> <!-- f1 -->
        <test-method signature="f1()[pri:0, instance:package2.First@4d9e68d0, instance params:[]]" started-at="2023-01-17T10:40:36 IST" name="f1" finished-at="2023-01-17T10:40:36 IST" duration-ms="1" status="PASS">
          <reporter-output>
          </reporter-output>
        </test-method> <!-- f1 -->
        <test-method signature="f1()[pri:0, instance:package2.First@52e6fdee, instance params:[]]" started-at="2023-01-17T10:40:36 IST" name="f1" finished-at="2023-01-17T10:40:36 IST" duration-ms="1" status="PASS">
          <reporter-output>
          </reporter-output>
        </test-method> <!-- f1 -->
        <test-method signature="f1()[pri:0, instance:package2.First@62150f9e, instance params:[]]" started-at="2023-01-17T10:40:36 IST" name="f1" finished-at="2023-01-17T10:40:36 IST" duration-ms="2" status="PASS">
          <reporter-output>
          </reporter-output>
        </test-method> <!-- f1 -->
        <test-method signature="f1()[pri:0, instance:package2.First@6c80d78a, instance params:[]]" started-at="2023-01-17T10:40:36 IST" name="f1" finished-at="2023-01-17T10:40:36 IST" duration-ms="2" status="PASS">
          <reporter-output>
          </reporter-output>
        </test-method> <!-- f1 -->
        <test-method signature="f2()[pri:0, instance:package2.First@14dd9eb7, instance params:[]]" started-at="2023-01-17T10:40:36 IST" name="f2" finished-at="2023-01-17T10:40:36 IST" duration-ms="2" status="PASS">
          <reporter-output>
          </reporter-output>
        </test-method> <!-- f2 -->
        <test-method signature="f2()[pri:0, instance:package2.First@42e99e4a, instance params:[]]" started-at="2023-01-17T10:40:36 IST" name="f2" finished-at="2023-01-17T10:40:36 IST" duration-ms="2" status="PASS">
          <reporter-output>
          </reporter-output>
        </test-method> <!-- f2 -->
        <test-method signature="f2()[pri:0, instance:package2.First@4d9e68d0, instance params:[]]" started-at="2023-01-17T10:40:36 IST" name="f2" finished-at="2023-01-17T10:40:36 IST" duration-ms="1" status="PASS">
          <reporter-output>
          </reporter-output>
        </test-method> <!-- f2 -->
        <test-method signature="f2()[pri:0, instance:package2.First@52e6fdee, instance params:[]]" started-at="2023-01-17T10:40:36 IST" name="f2" finished-at="2023-01-17T10:40:36 IST" duration-ms="1" status="PASS">
          <reporter-output>
          </reporter-output>
        </test-method> <!-- f2 -->
        <test-method signature="f2()[pri:0, instance:package2.First@62150f9e, instance params:[]]" started-at="2023-01-17T10:40:36 IST" name="f2" finished-at="2023-01-17T10:40:36 IST" duration-ms="1" status="PASS">
          <reporter-output>
          </reporter-output>
        </test-method> <!-- f2 -->
        <test-method signature="f2()[pri:0, instance:package2.First@6c80d78a, instance params:[]]" started-at="2023-01-17T10:40:36 IST" name="f2" finished-at="2023-01-17T10:40:36 IST" duration-ms="2" status="PASS">
          <reporter-output>
          </reporter-output>
        </test-method> <!-- f2 -->
      </class> <!-- package2.First -->
    </test> <!-- Test -->
  </suite> <!-- Suite -->
</testng-results>
