<?xml version="1.0" encoding="UTF-8"?>
<testng-results ignored="0" total="1" passed="1" failed="0" skipped="0">
  <reporter-output>
  </reporter-output>
  <suite started-at="2023-01-16T15:10:41 IST" name="Default suite" finished-at="2023-01-16T15:10:58 IST" duration-ms="16806">
    <groups>
    </groups>
    <test started-at="2023-01-16T15:10:41 IST" name="Default test" finished-at="2023-01-16T15:10:58 IST" duration-ms="16806">
      <class name="package1.SeleniumGRID">
        <test-method signature="display1()[pri:0, instance:package1.SeleniumGRID@7d8995e]" started-at="2023-01-16T15:10:41 IST" name="display1" finished-at="2023-01-16T15:10:58 IST" duration-ms="16746" status="PASS">
          <reporter-output>
          </reporter-output>
        </test-method> <!-- display1 -->
      </class> <!-- package1.SeleniumGRID -->
    </test> <!-- Default test -->
  </suite> <!-- Default suite -->
</testng-results>
