<?xml version="1.0" encoding="UTF-8"?>
<testng-results ignored="0" total="1" passed="1" failed="0" skipped="0">
  <reporter-output>
  </reporter-output>
  <suite started-at="2023-01-15T00:35:23 IST" name="Suite" finished-at="2023-01-15T00:35:39 IST" duration-ms="16476">
    <groups>
    </groups>
    <test started-at="2023-01-15T00:35:23 IST" name="Test" finished-at="2023-01-15T00:35:39 IST" duration-ms="16476">
      <class name="package1.Homepage">
        <test-method signature="toys()[pri:1, instance:package1.Homepage@2f7298b]" started-at="2023-01-15T00:35:23 IST" name="toys" finished-at="2023-01-15T00:35:39 IST" duration-ms="16449" status="PASS">
          <reporter-output>
          </reporter-output>
        </test-method> <!-- toys -->
      </class> <!-- package1.Homepage -->
    </test> <!-- Test -->
  </suite> <!-- Suite -->
</testng-results>
