<?xml version="1.0" encoding="UTF-8"?>
<testng-results ignored="0" total="2" passed="2" failed="0" skipped="0">
  <reporter-output>
  </reporter-output>
  <suite started-at="2023-01-12T10:52:52 IST" name="Default suite" finished-at="2023-01-12T10:53:04 IST" duration-ms="11712">
    <groups>
    </groups>
    <test started-at="2023-01-12T10:52:52 IST" name="Default test" finished-at="2023-01-12T10:53:04 IST" duration-ms="11712">
      <class name="firstPackage.Report">
        <test-method is-config="true" signature="createReport()[pri:0, instance:firstPackage.Report@9597028]" started-at="2023-01-12T10:52:52 IST" name="createReport" finished-at="2023-01-12T10:52:59 IST" duration-ms="7318" status="PASS">
          <reporter-output>
          </reporter-output>
        </test-method> <!-- createReport -->
        <test-method signature="google()[pri:0, instance:firstPackage.Report@9597028]" started-at="2023-01-12T10:52:59 IST" name="google" finished-at="2023-01-12T10:53:02 IST" duration-ms="2892" status="PASS">
          <reporter-output>
          </reporter-output>
        </test-method> <!-- google -->
        <test-method signature="second()[pri:0, instance:firstPackage.Report@9597028]" started-at="2023-01-12T10:53:02 IST" name="second" finished-at="2023-01-12T10:53:03 IST" duration-ms="501" status="PASS">
          <reporter-output>
          </reporter-output>
        </test-method> <!-- second -->
        <test-method is-config="true" signature="sendData()[pri:0, instance:firstPackage.Report@9597028]" started-at="2023-01-12T10:53:03 IST" name="sendData" finished-at="2023-01-12T10:53:04 IST" duration-ms="918" status="PASS">
          <reporter-output>
          </reporter-output>
        </test-method> <!-- sendData -->
      </class> <!-- firstPackage.Report -->
    </test> <!-- Default test -->
  </suite> <!-- Default suite -->
</testng-results>
