<?xml version="1.0" encoding="UTF-8"?>
<testng-results ignored="0" total="1" passed="1" failed="0" skipped="0">
  <reporter-output>
  </reporter-output>
  <suite started-at="2023-06-08T13:07:30 IST" name="Default suite" finished-at="2023-06-08T13:08:02 IST" duration-ms="31272">
    <groups>
    </groups>
    <test started-at="2023-06-08T13:07:30 IST" name="Default test" finished-at="2023-06-08T13:08:02 IST" duration-ms="31272">
      <class name="flows.test.PAflowTEST">
        <test-method signature="completeFlow()[pri:0, instance:flows.test.PAflowTEST@1b7cc17c]" started-at="2023-06-08T13:07:31 IST" name="completeFlow" finished-at="2023-06-08T13:08:02 IST" duration-ms="31173" status="PASS">
          <reporter-output>
          </reporter-output>
        </test-method> <!-- completeFlow -->
      </class> <!-- flows.test.PAflowTEST -->
    </test> <!-- Default test -->
  </suite> <!-- Default suite -->
</testng-results>
