<?xml version="1.0" encoding="UTF-8"?>
<testng-results ignored="0" total="1" passed="1" failed="0" skipped="0">
  <reporter-output>
  </reporter-output>
  <suite started-at="2023-01-12T12:57:20 IST" name="Default suite" finished-at="2023-01-12T12:57:28 IST" duration-ms="8290">
    <groups>
    </groups>
    <test started-at="2023-01-12T12:57:20 IST" name="Default test" finished-at="2023-01-12T12:57:28 IST" duration-ms="8290">
      <class name="log4j.Report">
        <test-method signature="script()[pri:0, instance:log4j.Report@59309333]" started-at="2023-01-12T12:57:20 IST" name="script" finished-at="2023-01-12T12:57:28 IST" duration-ms="8237" status="PASS">
          <reporter-output>
          </reporter-output>
        </test-method> <!-- script -->
      </class> <!-- log4j.Report -->
    </test> <!-- Default test -->
  </suite> <!-- Default suite -->
</testng-results>
