<?xml version="1.0" encoding="UTF-8"?>
<testng-results ignored="0" total="2" passed="2" failed="0" skipped="0">
  <reporter-output>
  </reporter-output>
  <suite started-at="2023-01-12T00:24:04 IST" name="Suite" finished-at="2023-01-12T00:24:11 IST" duration-ms="6739">
    <groups>
    </groups>
    <test started-at="2023-01-12T00:24:04 IST" name="Test" finished-at="2023-01-12T00:24:11 IST" duration-ms="6739">
      <class name="newnew.mm">
        <test-method is-config="true" signature="realAction()[pri:0, instance:newnew.mm@1aa7ecca]" started-at="2023-01-12T00:24:03 IST" name="realAction" finished-at="2023-01-12T00:24:04 IST" duration-ms="1951" status="PASS">
          <reporter-output>
          </reporter-output>
        </test-method> <!-- realAction -->
        <test-method signature="willLoop([Ljava.lang.String;)[pri:0, instance:newnew.mm@1aa7ecca]" started-at="2023-01-12T00:24:04 IST" name="willLoop" data-provider="users" finished-at="2023-01-12T00:24:08 IST" duration-ms="3665" status="PASS">
          <params>
            <param index="0">
              <value>
                <![CDATA[[Ljava.lang.String;@6edc4161]]>
              </value>
            </param>
          </params>
          <reporter-output>
          </reporter-output>
        </test-method> <!-- willLoop -->
        <test-method signature="willLoop([Ljava.lang.String;)[pri:0, instance:newnew.mm@1aa7ecca]" started-at="2023-01-12T00:24:08 IST" name="willLoop" data-provider="users" finished-at="2023-01-12T00:24:11 IST" duration-ms="3050" status="PASS">
          <params>
            <param index="0">
              <value>
                <![CDATA[[Ljava.lang.String;@30cecdca]]>
              </value>
            </param>
          </params>
          <reporter-output>
          </reporter-output>
        </test-method> <!-- willLoop -->
        <test-method is-config="true" signature="close()[pri:0, instance:newnew.mm@1aa7ecca]" started-at="2023-01-12T00:24:11 IST" name="close" finished-at="2023-01-12T00:24:28 IST" duration-ms="16286" status="PASS">
          <reporter-output>
          </reporter-output>
        </test-method> <!-- close -->
      </class> <!-- newnew.mm -->
    </test> <!-- Test -->
  </suite> <!-- Suite -->
</testng-results>
