<?xml version="1.0" encoding="UTF-8"?>
<!-- Generated by org.testng.reporters.JUnitXMLReporter -->
<testsuite ignored="0" hostname="USHYDHLIHOR5" failures="0" tests="12" name="Test" time="0.107" errors="0" timestamp="2023-01-17T10:40:36 IST">
  <testcase classname="package2.First" name="f1" time="0.014"/>
  <testcase classname="package2.First" name="f1" time="0.001"/>
  <testcase classname="package2.First" name="f1" time="0.001"/>
  <testcase classname="package2.First" name="f1" time="0.001"/>
  <testcase classname="package2.First" name="f1" time="0.002"/>
  <testcase classname="package2.First" name="f1" time="0.002"/>
  <testcase classname="package2.First" name="f2" time="0.002"/>
  <testcase classname="package2.First" name="f2" time="0.002"/>
  <testcase classname="package2.First" name="f2" time="0.001"/>
  <testcase classname="package2.First" name="f2" time="0.001"/>
  <testcase classname="package2.First" name="f2" time="0.001"/>
  <testcase classname="package2.First" name="f2" time="0.002"/>
</testsuite> <!-- Test -->
